{
  "stats": {
    "suites": 1,
    "tests": 18,
    "passes": 18,
    "pending": 0,
    "failures": 0,
    "start": "2024-07-25T00:37:21.344Z",
    "end": "2024-07-25T00:37:29.388Z",
    "duration": 8044,
    "testsRegistered": 18,
    "passPercent": 100,
    "pendingPercent": 0,
    "other": 0,
    "hasOther": false,
    "skipped": 0,
    "hasSkipped": false
  },
  "results": [
    {
      "uuid": "43ff1477-99f5-40c9-858f-bb661dd8fc1e",
      "title": "",
      "fullFile": "cypress\\e2e\\CAC-TAT.cy.js",
      "file": "cypress\\e2e\\CAC-TAT.cy.js",
      "beforeHooks": [],
      "afterHooks": [],
      "tests": [],
      "suites": [
        {
          "uuid": "53efb6dc-1293-4c1a-b17c-5ab38ccc128c",
          "title": "Central de Atendimento ao Cliente TAT",
          "fullFile": "",
          "file": "",
          "beforeHooks": [],
          "afterHooks": [],
          "tests": [
            {
              "title": "preenche os campos obrigatórios e envia o formulário",
              "fullTitle": "Central de Atendimento ao Cliente TAT preenche os campos obrigatórios e envia o formulário",
              "timedOut": null,
              "duration": 1273,
              "state": "passed",
              "speed": "fast",
              "pass": true,
              "fail": false,
              "pending": false,
              "context": null,
              "code": "const longText = 'teste, teste, teste, teste';\ncy.get('#firstName').type('Iasmine');\ncy.get('#lastName').type('Silva');\ncy.get('#email').type('teste@gmail.com');\ncy.get('#open-text-area').type(longText, {\n  delay: 0\n});\ncy.contains('button', 'Enviar').click();\ncy.get('.success').should('be.visible');",
              "err": {},
              "uuid": "d8635a9c-ae28-4c8e-961d-2c01614a9ab6",
              "parentUUID": "53efb6dc-1293-4c1a-b17c-5ab38ccc128c",
              "isHook": false,
              "skipped": false
            },
            {
              "title": "Mensagem de erro ao submeter o formulário a um erro",
              "fullTitle": "Central de Atendimento ao Cliente TAT Mensagem de erro ao submeter o formulário a um erro",
              "timedOut": null,
              "duration": 1129,
              "state": "passed",
              "speed": "fast",
              "pass": true,
              "fail": false,
              "pending": false,
              "context": null,
              "code": "cy.get('#firstName').type('Iasmine');\ncy.get('#lastName').type('Silva');\ncy.get('#email').type('teste@gmail,com');\ncy.get('#open-text-area').type('teste');\ncy.contains('button', 'Enviar').click();\ncy.get('.error').should('be.visible');",
              "err": {},
              "uuid": "d32cd5ad-acbf-4579-8792-d87e91462e8b",
              "parentUUID": "53efb6dc-1293-4c1a-b17c-5ab38ccc128c",
              "isHook": false,
              "skipped": false
            },
            {
              "title": "Campo telefone continua vazio quando preenchido com valor não numerico",
              "fullTitle": "Central de Atendimento ao Cliente TAT Campo telefone continua vazio quando preenchido com valor não numerico",
              "timedOut": null,
              "duration": 401,
              "state": "passed",
              "speed": "fast",
              "pass": true,
              "fail": false,
              "pending": false,
              "context": null,
              "code": "cy.get('#phone').type('abcdefgih').should('have.value', '');",
              "err": {},
              "uuid": "04abb45e-d25b-4121-9f5b-e772e0e64215",
              "parentUUID": "53efb6dc-1293-4c1a-b17c-5ab38ccc128c",
              "isHook": false,
              "skipped": false
            },
            {
              "title": "telefone obigatorio, mas não é preenchido antes do envio do formulário",
              "fullTitle": "Central de Atendimento ao Cliente TAT telefone obigatorio, mas não é preenchido antes do envio do formulário",
              "timedOut": null,
              "duration": 1147,
              "state": "passed",
              "speed": "fast",
              "pass": true,
              "fail": false,
              "pending": false,
              "context": null,
              "code": "cy.get('#firstName').type('Iasmine');\ncy.get('#lastName').type('Silva');\ncy.get('#email').type('teste@gmail.com');\ncy.get('#phone-checkbox').click();\ncy.get('#open-text-area').type('teste');\ncy.contains('button', 'Enviar').click();\ncy.get('.error').should('be.visible');",
              "err": {},
              "uuid": "7f1c7883-027a-4c46-9b58-ff2865f2c6c8",
              "parentUUID": "53efb6dc-1293-4c1a-b17c-5ab38ccc128c",
              "isHook": false,
              "skipped": false
            },
            {
              "title": "Preenche e limpa os campos nome, sobrnome, e-mail e telefone",
              "fullTitle": "Central de Atendimento ao Cliente TAT Preenche e limpa os campos nome, sobrnome, e-mail e telefone",
              "timedOut": null,
              "duration": 349,
              "state": "passed",
              "speed": "fast",
              "pass": true,
              "fail": false,
              "pending": false,
              "context": null,
              "code": "cy.get('#firstName').type('Sousa').should('have.value', 'Sousa').clear().should('have.value', '');",
              "err": {},
              "uuid": "f1d87552-d698-45fb-a842-400263aa9235",
              "parentUUID": "53efb6dc-1293-4c1a-b17c-5ab38ccc128c",
              "isHook": false,
              "skipped": false
            },
            {
              "title": "envia o formulário com sucesso usando comando customizado",
              "fullTitle": "Central de Atendimento ao Cliente TAT envia o formulário com sucesso usando comando customizado",
              "timedOut": null,
              "duration": 1089,
              "state": "passed",
              "speed": "fast",
              "pass": true,
              "fail": false,
              "pending": false,
              "context": null,
              "code": "cy.filMandatoryFieldAndSubmit();\ncy.get('.success').should('be.visible');",
              "err": {},
              "uuid": "969c7eac-e3bb-44d1-98ee-ca2a0b3c9795",
              "parentUUID": "53efb6dc-1293-4c1a-b17c-5ab38ccc128c",
              "isHook": false,
              "skipped": false
            },
            {
              "title": "seleciona o produto (Youtube) pelo seu texto",
              "fullTitle": "Central de Atendimento ao Cliente TAT seleciona o produto (Youtube) pelo seu texto",
              "timedOut": null,
              "duration": 226,
              "state": "passed",
              "speed": "fast",
              "pass": true,
              "fail": false,
              "pending": false,
              "context": null,
              "code": "cy.get('#product').select('YouTube').should('have.value', 'youtube');",
              "err": {},
              "uuid": "90b949e3-4107-4c5c-a1aa-35806425beeb",
              "parentUUID": "53efb6dc-1293-4c1a-b17c-5ab38ccc128c",
              "isHook": false,
              "skipped": false
            },
            {
              "title": "seleciona um produto (Mentoria) por seu valor",
              "fullTitle": "Central de Atendimento ao Cliente TAT seleciona um produto (Mentoria) por seu valor",
              "timedOut": null,
              "duration": 226,
              "state": "passed",
              "speed": "fast",
              "pass": true,
              "fail": false,
              "pending": false,
              "context": null,
              "code": "cy.get('#product').select('Mentoria').should('have.value', 'mentoria');",
              "err": {},
              "uuid": "ebaf75a2-61f3-4c0c-80d2-4f2739643d1f",
              "parentUUID": "53efb6dc-1293-4c1a-b17c-5ab38ccc128c",
              "isHook": false,
              "skipped": false
            },
            {
              "title": "seleciona um produto (Blog) por seu índice",
              "fullTitle": "Central de Atendimento ao Cliente TAT seleciona um produto (Blog) por seu índice",
              "timedOut": null,
              "duration": 227,
              "state": "passed",
              "speed": "fast",
              "pass": true,
              "fail": false,
              "pending": false,
              "context": null,
              "code": "cy.get('#product').select(1);",
              "err": {},
              "uuid": "580156af-56f3-40a0-b3c3-1ceeeccea30a",
              "parentUUID": "53efb6dc-1293-4c1a-b17c-5ab38ccc128c",
              "isHook": false,
              "skipped": false
            },
            {
              "title": "marca o tipo de atendimento \"Feedback\"",
              "fullTitle": "Central de Atendimento ao Cliente TAT marca o tipo de atendimento \"Feedback\"",
              "timedOut": null,
              "duration": 138,
              "state": "passed",
              "speed": "fast",
              "pass": true,
              "fail": false,
              "pending": false,
              "context": null,
              "code": "cy.get('input[type=\"radio\"][value=feedback]').check().should('have.value', 'feedback');",
              "err": {},
              "uuid": "89cbc9aa-24d8-496e-ba5a-232edb2b96c2",
              "parentUUID": "53efb6dc-1293-4c1a-b17c-5ab38ccc128c",
              "isHook": false,
              "skipped": false
            },
            {
              "title": "marca o tipo de atendimento",
              "fullTitle": "Central de Atendimento ao Cliente TAT marca o tipo de atendimento",
              "timedOut": null,
              "duration": 236,
              "state": "passed",
              "speed": "fast",
              "pass": true,
              "fail": false,
              "pending": false,
              "context": null,
              "code": "cy.get('input[type=\"radio\"]').should('have.length', 3).each(function ($radio) {\n  cy.wrap($radio).check();\n  cy.wrap($radio).should('be.checked');\n});",
              "err": {},
              "uuid": "ef1c5a79-2d18-4129-b480-75267bb05fc1",
              "parentUUID": "53efb6dc-1293-4c1a-b17c-5ab38ccc128c",
              "isHook": false,
              "skipped": false
            },
            {
              "title": "marca ambos checkbox, depois desmarca o ultimo",
              "fullTitle": "Central de Atendimento ao Cliente TAT marca ambos checkbox, depois desmarca o ultimo",
              "timedOut": null,
              "duration": 323,
              "state": "passed",
              "speed": "fast",
              "pass": true,
              "fail": false,
              "pending": false,
              "context": null,
              "code": "cy.get('input[type=\"checkbox\"]').check().should('be.checked').last().uncheck().should('not.be.checked');",
              "err": {},
              "uuid": "e2941425-45d0-4d2a-a40f-3a0347764cd8",
              "parentUUID": "53efb6dc-1293-4c1a-b17c-5ab38ccc128c",
              "isHook": false,
              "skipped": false
            },
            {
              "title": "Seleciona um arquivo da pasta fixtures",
              "fullTitle": "Central de Atendimento ao Cliente TAT Seleciona um arquivo da pasta fixtures",
              "timedOut": null,
              "duration": 116,
              "state": "passed",
              "speed": "fast",
              "pass": true,
              "fail": false,
              "pending": false,
              "context": null,
              "code": "cy.get('#file-upload').should('not.have.value').selectFile('./cypress/fixtures/example.json').should(function ($input) {\n  expect($input[0].files[0].name).to.equal('example.json');\n});",
              "err": {},
              "uuid": "3961ca8d-3aa0-455e-b805-4af53b669ec4",
              "parentUUID": "53efb6dc-1293-4c1a-b17c-5ab38ccc128c",
              "isHook": false,
              "skipped": false
            },
            {
              "title": "seleciona um arquivo simulando um drag-and-drop",
              "fullTitle": "Central de Atendimento ao Cliente TAT seleciona um arquivo simulando um drag-and-drop",
              "timedOut": null,
              "duration": 119,
              "state": "passed",
              "speed": "fast",
              "pass": true,
              "fail": false,
              "pending": false,
              "context": null,
              "code": "cy.get('#file-upload').should('not.have.value').selectFile('./cypress/fixtures/example.json', {\n  action: 'drag-drop'\n}).should(function ($input) {\n  expect($input[0].files[0].name).to.equal('example.json');\n});",
              "err": {},
              "uuid": "4976d7c1-69b8-45a9-a572-d32f0dfc0877",
              "parentUUID": "53efb6dc-1293-4c1a-b17c-5ab38ccc128c",
              "isHook": false,
              "skipped": false
            },
            {
              "title": "seleciona um arquivo utilizando uma fixture para a qual foi dada um alias",
              "fullTitle": "Central de Atendimento ao Cliente TAT seleciona um arquivo utilizando uma fixture para a qual foi dada um alias",
              "timedOut": null,
              "duration": 128,
              "state": "passed",
              "speed": "fast",
              "pass": true,
              "fail": false,
              "pending": false,
              "context": null,
              "code": "cy.fixture('example.json').as('sampleFile');\ncy.get('#file-upload').selectFile('@sampleFile');",
              "err": {},
              "uuid": "d91d29df-5ee9-4751-8237-ccd876b5573d",
              "parentUUID": "53efb6dc-1293-4c1a-b17c-5ab38ccc128c",
              "isHook": false,
              "skipped": false
            },
            {
              "title": "verifica que a política de privacidade abre em outra aba sem a necessidade de um clique",
              "fullTitle": "Central de Atendimento ao Cliente TAT verifica que a política de privacidade abre em outra aba sem a necessidade de um clique",
              "timedOut": null,
              "duration": 72,
              "state": "passed",
              "speed": "fast",
              "pass": true,
              "fail": false,
              "pending": false,
              "context": null,
              "code": "cy.get('#privacy a').should('have.attr', 'target', '_blank');",
              "err": {},
              "uuid": "eb54b173-4107-432f-beb0-2cc5f5211f22",
              "parentUUID": "53efb6dc-1293-4c1a-b17c-5ab38ccc128c",
              "isHook": false,
              "skipped": false
            },
            {
              "title": "acessa a página da politica de privacidade removendo o target e então clicando no link",
              "fullTitle": "Central de Atendimento ao Cliente TAT acessa a página da politica de privacidade removendo o target e então clicando no link",
              "timedOut": null,
              "duration": 151,
              "state": "passed",
              "speed": "fast",
              "pass": true,
              "fail": false,
              "pending": false,
              "context": null,
              "code": "cy.get('#privacy a').invoke('removeAttr', 'target').click();\ncy.contains('Talking About Testing').should('be.visible');",
              "err": {},
              "uuid": "e83c1374-0431-4fc0-bd62-d127bf1ac471",
              "parentUUID": "53efb6dc-1293-4c1a-b17c-5ab38ccc128c",
              "isHook": false,
              "skipped": false
            },
            {
              "title": "seleciona o produto (Youtube) pelo seu texto",
              "fullTitle": "Central de Atendimento ao Cliente TAT seleciona o produto (Youtube) pelo seu texto",
              "timedOut": null,
              "duration": 218,
              "state": "passed",
              "speed": "fast",
              "pass": true,
              "fail": false,
              "pending": false,
              "context": null,
              "code": "cy.get('#product').select('YouTube').should('have.value', 'youtube');",
              "err": {},
              "uuid": "5ced4ab0-aef9-487c-a82f-6ccbc642a120",
              "parentUUID": "53efb6dc-1293-4c1a-b17c-5ab38ccc128c",
              "isHook": false,
              "skipped": false
            }
          ],
          "suites": [],
          "passes": [
            "d8635a9c-ae28-4c8e-961d-2c01614a9ab6",
            "d32cd5ad-acbf-4579-8792-d87e91462e8b",
            "04abb45e-d25b-4121-9f5b-e772e0e64215",
            "7f1c7883-027a-4c46-9b58-ff2865f2c6c8",
            "f1d87552-d698-45fb-a842-400263aa9235",
            "969c7eac-e3bb-44d1-98ee-ca2a0b3c9795",
            "90b949e3-4107-4c5c-a1aa-35806425beeb",
            "ebaf75a2-61f3-4c0c-80d2-4f2739643d1f",
            "580156af-56f3-40a0-b3c3-1ceeeccea30a",
            "89cbc9aa-24d8-496e-ba5a-232edb2b96c2",
            "ef1c5a79-2d18-4129-b480-75267bb05fc1",
            "e2941425-45d0-4d2a-a40f-3a0347764cd8",
            "3961ca8d-3aa0-455e-b805-4af53b669ec4",
            "4976d7c1-69b8-45a9-a572-d32f0dfc0877",
            "d91d29df-5ee9-4751-8237-ccd876b5573d",
            "eb54b173-4107-432f-beb0-2cc5f5211f22",
            "e83c1374-0431-4fc0-bd62-d127bf1ac471",
            "5ced4ab0-aef9-487c-a82f-6ccbc642a120"
          ],
          "failures": [],
          "pending": [],
          "skipped": [],
          "duration": 7568,
          "root": false,
          "rootEmpty": false,
          "_timeout": 2000
        }
      ],
      "passes": [],
      "failures": [],
      "pending": [],
      "skipped": [],
      "duration": 0,
      "root": true,
      "rootEmpty": true,
      "_timeout": 2000
    }
  ],
  "meta": {
    "mocha": {
      "version": "7.0.1"
    },
    "mochawesome": {
      "options": {
        "quiet": false,
        "reportFilename": "mochawesome",
        "saveHtml": false,
        "saveJson": true,
        "consoleReporter": "spec",
        "useInlineDiffs": false,
        "code": true
      },
      "version": "7.1.3"
    },
    "marge": {
      "options": {
        "id": "default",
        "reportDir": "cypress/reports",
        "overwrite": false,
        "html": false,
        "json": true
      },
      "version": "6.2.0"
    }
  }
}